ERROR: (gcloud.compute.ssh) Could not fetch resource:
 - The resource 'projects/academic-elixir-90710/zones/asia-south1-c/instances/pwc' was not found

[master 811c956] Disk usage update: 2025-08-01 13:40:55
 1 file changed, 116 insertions(+), 8 deletions(-)
 rewrite checkdisk.csv (91%)
To git@github.com:iincube/all_latest_services_new.git
 ! [rejected]        master -> master (fetch first)
error: failed to push some refs to 'git@github.com:iincube/all_latest_services_new.git'
hint: Updates were rejected because the remote contains work that you do
hint: not have locally. This is usually caused by another repository pushing
hint: to the same ref. You may want to first merge the remote changes (e.g.,
hint: 'git pull') before pushing again.
hint: See the 'Note about fast-forwards' in 'git push --help' for details.
s-nail: No such file to load: /home/sukomal/.mailrc
s-nail: Warning -- v15-compat=yes will be default in v14.10.0!
s-nail: P(seudo)R(andom)N(umber)G(enerator): *TLS RAND_*
ignoring system configuration file /etc/msmtprc: No such file or directory
loaded user configuration file /home/sukomal/.msmtprc
falling back to default account
using account default from /home/sukomal/.msmtprc
host = smtp.gmail.com
port = 587
source ip = (not set)
proxy host = (not set)
proxy port = 0
socket = (not set)
timeout = off
protocol = smtp
domain = localhost
auth = choose
user = sukomal.das@mtap.in
password = *
passwordeval = (not set)
ntlmdomain = (not set)
tls = on
tls_starttls = on
tls_trust_file = /etc/ssl/certs/ca-bundle.crt
tls_crl_file = (not set)
tls_fingerprint = (not set)
tls_key_file = (not set)
tls_cert_file = (not set)
tls_certcheck = on
tls_min_dh_prime_bits = (not set)
tls_priorities = (not set)
tls_host_override = (not set)
auto_from = off
maildomain = (not set)
from = sukomal.das@mtap.in
set_from_header = auto
set_date_header = auto
remove_bcc_headers = on
dsn_notify = (not set)
dsn_return = (not set)
logfile = /home/sukomal/.msmtp.log
logfile_time_format = (not set)
syslog = (not set)
aliases = (not set)
reading recipients from the command line
<-- 220 smtp.gmail.com ESMTP d9443c01a7336-2422ba1e09csm10113145ad.16 - gsmtp
--> EHLO localhost
<-- 250-smtp.gmail.com at your service, [64.62.151.187]
<-- 250-SIZE 35882577
<-- 250-8BITMIME
<-- 250-STARTTLS
<-- 250-ENHANCEDSTATUSCODES
<-- 250-PIPELINING
<-- 250-CHUNKING
<-- 250 SMTPUTF8
--> STARTTLS
<-- 220 2.0.0 Ready to start TLS
TLS session parameters:
    (TLS1.2)-(ECDHE-ECDSA-SECP256R1)-(AES-128-GCM)
TLS certificate information:
    Owner:
        Common Name: smtp.gmail.com
    Issuer:
        Common Name: WR2
        Organization: Google Trust Services
        Country: US
    Validity:
        Activation time: Mon 07 Jul 2025 02:05:09 PM IST
        Expiration time: Mon 29 Sep 2025 02:05:08 PM IST
    Fingerprints:
        SHA256: 51:C1:13:6F:61:0F:92:44:71:D7:66:0E:3C:17:98:4C:D1:EA:CD:8C:C5:89:DD:65:C7:69:02:11:FE:F0:9C:7F
        SHA1 (deprecated): C4:07:BA:42:BA:F5:97:69:36:E9:5C:E3:07:C4:24:05:45:22:BE:A7
--> EHLO localhost
<-- 250-smtp.gmail.com at your service, [64.62.151.187]
<-- 250-SIZE 35882577
<-- 250-8BITMIME
<-- 250-AUTH LOGIN PLAIN XOAUTH2 PLAIN-CLIENTTOKEN OAUTHBEARER XOAUTH
<-- 250-ENHANCEDSTATUSCODES
<-- 250-PIPELINING
<-- 250-CHUNKING
<-- 250 SMTPUTF8
--> AUTH PLAIN AHN1a29tYWwuZGFzQG10YXAuaW4AZmp1c2Fua3NkeGNkaWFjZA==
<-- 235 2.7.0 Accepted
--> MAIL FROM:<sukomal.das@mtap.in>
--> RCPT TO:<rajesh.v@mtap.in>
--> RCPT TO:<selvapriya.s@mtap.in>
--> RCPT TO:<vishnu.velayudhan@mtap.in>
--> RCPT TO:<sukomal.das@mtap.in>
--> RCPT TO:<rohan.paunikar@mtap.in>
--> RCPT TO:<tharun.gandhe@mtap.in>
--> DATA
<-- 250 2.1.0 OK d9443c01a7336-2422ba1e09csm10113145ad.16 - gsmtp
<-- 250 2.1.5 OK d9443c01a7336-2422ba1e09csm10113145ad.16 - gsmtp
<-- 250 2.1.5 OK d9443c01a7336-2422ba1e09csm10113145ad.16 - gsmtp
<-- 250 2.1.5 OK d9443c01a7336-2422ba1e09csm10113145ad.16 - gsmtp
<-- 250 2.1.5 OK d9443c01a7336-2422ba1e09csm10113145ad.16 - gsmtp
<-- 250 2.1.5 OK d9443c01a7336-2422ba1e09csm10113145ad.16 - gsmtp
<-- 250 2.1.5 OK d9443c01a7336-2422ba1e09csm10113145ad.16 - gsmtp
<-- 354 Go ahead d9443c01a7336-2422ba1e09csm10113145ad.16 - gsmtp
--> From: sukomal.das@mtap.in
--> Date: Fri, 01 Aug 2025 13:41:01 +0530
--> To: rajesh.v@mtap.in, selvapriya.s@mtap.in, vishnu.velayudhan@mtap.in,
-->  sukomal.das@mtap.in, rohan.paunikar@mtap.in, tharun.gandhe@mtap.in
--> Subject: Disk Usage Alert - 2025-08-01 13:41:01
--> User-Agent: s-nail v14.9.23
--> 
--> abb-hit has /mnt/safetrax at 76%
--> apollo has /mnt/safetrax at 75%
--> atandt has /mnt/safetrax at 77%
--> baghirathi has /mnt/safetrax at 76%
--> citcopune has /mnt/safetrax at 83%
--> danfoss has /mnt/safetrax at 77%
--> diya has /mnt/safetrax at 77%
--> fiserv has /mnt/safetrax at 77%
--> flutter has /mnt/safetrax at 77%
--> fujitsu has /mnt/safetrax at 81%
--> gia has /mnt/safetrax at 75%
--> giriraj has /mnt/safetrax at 76%
--> groupon has /mnt/safetrax at 82%
--> jananitravels has /mnt/safetrax at 77%
--> omegav2 has /mnt/safetrax at 79%
--> omegav2 has / at 81%
--> opentext has /mnt/safetrax at 81%
--> pscorp has /mnt/safetrax at 75%
--> sapv2 has /mnt/safetrax at 79%
--> slk has /mnt/safetrax at 76%
--> technosoft has /mnt/safetrax at 79%
--> toweresearch has /mnt/safetrax at 84%
--> travel-team has /mnt/safetrax at 81%
--> unitedlex has /mnt/safetrax at 85%
--> vfislkstg has /mnt/safetrax at 76%
--> 
--> .
<-- 250 2.0.0 OK  1754035867 d9443c01a7336-2422ba1e09csm10113145ad.16 - gsmtp
--> QUIT
<-- 221 2.0.0 closing connection d9443c01a7336-2422ba1e09csm10113145ad.16 - gsmtp
