ls: cannot access /mnt/safetrax/RaptorV2: No such file or directory
ls: cannot access /mnt/safetrax/RaptorV2: No such file or directory
ls: cannot access /mnt/safetrax/RaptorV2: No such file or directory
ls: cannot access /mnt/safetrax/RaptorV2: No such file or directory
ls: cannot access /mnt/safetrax/RaptorV2: No such file or directory
ls: cannot access /mnt/safetrax/RaptorV2: No such file or directory
ls: cannot access /mnt/safetrax/RaptorV2: No such file or directory
ls: cannot access /mnt/safetrax/RaptorV2: No such file or directory
ls: cannot access /mnt/safetrax/RaptorV2: No such file or directory
ls: cannot access /mnt/safetrax/RaptorV2: No such file or directory
ls: cannot access /mnt/safetrax/RaptorV2: No such file or directory
ls: cannot access /mnt/safetrax/RaptorV2: No such file or directory
ls: cannot access /mnt/safetrax/RaptorV2: No such file or directory
ls: cannot access /mnt/safetrax/RaptorV2: No such file or directory
ls: cannot access /mnt/safetrax/RaptorV2: No such file or directory
ls: cannot access /mnt/safetrax/RaptorV2: No such file or directory
ls: cannot access /mnt/safetrax/RaptorV2: No such file or directory
ls: cannot access /mnt/safetrax/RaptorV2: No such file or directory
ls: cannot access /mnt/safetrax/RaptorV2: No such file or directory
ls: cannot access /mnt/safetrax/RaptorV2: No such file or directory
ls: cannot access /mnt/safetrax/RaptorV2: No such file or directory
ls: cannot access /mnt/safetrax/RaptorV2: No such file or directory
ls: cannot access /mnt/safetrax/RaptorV2: No such file or directory
ls: cannot access /mnt/safetrax/RaptorV2: No such file or directory
ls: cannot access /mnt/safetrax/RaptorV2: No such file or directory
ls: cannot access /mnt/safetrax/RaptorV2: No such file or directory
ls: cannot access /mnt/safetrax/RaptorV2: No such file or directory
ls: cannot access /mnt/safetrax/RaptorV2: No such file or directory
ls: cannot access /mnt/safetrax/RaptorV2: No such file or directory
ls: cannot access /mnt/safetrax/RaptorV2: No such file or directory
ls: cannot access /mnt/safetrax/serverV2/mongoser: No such file or directory
ls: cannot access /mnt/safetrax/serverV2/mongoser/mongoser/lib/: No such file or directory
ls: cannot access /mnt/safetrax/RaptorV2: No such file or directory
ls: cannot access /mnt/safetrax/RaptorV2: No such file or directory
ls: cannot access /mnt/safetrax/RaptorV2: No such file or directory
ls: cannot access /mnt/safetrax/RaptorV2: No such file or directory
ls: cannot access /mnt/safetrax/RaptorV2: No such file or directory
ls: cannot access /mnt/safetrax/RaptorV2: No such file or directory
ls: cannot access /mnt/safetrax/RaptorV2: No such file or directory
ls: cannot access /mnt/safetrax/RaptorV2: No such file or directory
ls: cannot access /mnt/safetrax/RaptorV2: No such file or directory
ls: cannot access /mnt/safetrax/RaptorV2: No such file or directory
ls: cannot access /mnt/safetrax/RaptorV2: No such file or directory
ls: cannot access /mnt/safetrax/RaptorV2: No such file or directory
ls: cannot access /mnt/safetrax/RaptorV2: No such file or directory
ls: cannot access /mnt/safetrax/RaptorV2: No such file or directory
ls: cannot access /mnt/safetrax/RaptorV2: No such file or directory
ls: cannot access /mnt/safetrax/RaptorV2: No such file or directory
no crontab for root
ls: cannot access /mnt/safetrax/RaptorV2: No such file or directory
ls: cannot access /mnt/safetrax/RaptorV2: No such file or directory
ls: cannot access /mnt/safetrax/RaptorV2: No such file or directory
ls: cannot access /mnt/safetrax/RaptorV2: No such file or directory
ls: cannot access /mnt/safetrax/RaptorV2: No such file or directory
ls: cannot access /mnt/safetrax/RaptorV2: No such file or directory
ls: cannot access /mnt/safetrax/RaptorV2: No such file or directory
ls: cannot access /mnt/safetrax/RaptorV2: No such file or directory
ls: cannot access /mnt/safetrax/RaptorV2: No such file or directory
ls: cannot access /mnt/safetrax/RaptorV2: No such file or directory
ls: cannot access /mnt/safetrax/RaptorV2: No such file or directory
ls: cannot access /mnt/safetrax/RaptorV2: No such file or directory
ls: cannot access /mnt/safetrax/RaptorV2: No such file or directory
ls: cannot access /mnt/safetrax/RaptorV2: No such file or directory
ls: cannot access /mnt/safetrax/RaptorV2: No such file or directory
ls: cannot access /mnt/safetrax/RaptorV2: No such file or directory
ls: cannot access /mnt/safetrax/RaptorV2: No such file or directory
ls: cannot access /mnt/safetrax/RaptorV2: No such file or directory
ls: cannot access /mnt/safetrax/RaptorV2: No such file or directory
ls: cannot access /mnt/safetrax/RaptorV2: No such file or directory
ls: cannot access /mnt/safetrax/RaptorV2: No such file or directory
ERROR: (gcloud.compute.ssh) Could not fetch resource:
 - The resource 'projects/academic-elixir-90710/zones/asia-south1-c/instances/pwc' was not found

ls: cannot access /mnt/safetrax/RaptorV2: No such file or directory
ls: cannot access /mnt/safetrax/RaptorV2: No such file or directory
ls: cannot access /mnt/safetrax/RaptorV2: No such file or directory
ls: cannot access /mnt/safetrax/RaptorV2: No such file or directory
no crontab for root
ls: cannot access /mnt/safetrax/RaptorV2: No such file or directory
ls: cannot access '/mnt/safetrax/RaptorV2': No such file or directory
ls: cannot access '/mnt/safetrax/serverV2/mongoser': No such file or directory
ls: cannot access '/mnt/safetrax/serverV2/mongoser/mongoser/lib/': No such file or directory
ls: cannot access /mnt/safetrax/RaptorV2: No such file or directory
ls: cannot access /mnt/safetrax/RaptorV2: No such file or directory
ls: cannot access /mnt/safetrax/RaptorV2: No such file or directory
ls: cannot access /mnt/safetrax/RaptorV2: No such file or directory
ls: cannot access /mnt/safetrax/RaptorV2: No such file or directory
ls: cannot access /mnt/safetrax/RaptorV2: No such file or directory
ls: cannot access /mnt/safetrax/RaptorV2: No such file or directory
ls: cannot access /mnt/safetrax/RaptorV2: No such file or directory
ls: cannot access /mnt/safetrax/RaptorV2: No such file or directory
ls: cannot access /mnt/safetrax/RaptorV2: No such file or directory
ls: cannot access /mnt/safetrax/RaptorV2: No such file or directory
no crontab for root
ls: cannot access /mnt/safetrax/RaptorV2: No such file or directory
ls: cannot access /mnt/safetrax/RaptorV2: No such file or directory
ls: cannot access '/mnt/safetrax/RaptorV2': No such file or directory
ls: cannot access '/mnt/safetrax/serverV2/mongoser': No such file or directory
ls: cannot access '/mnt/safetrax/serverV2/mongoser/mongoser/lib/': No such file or directory
no crontab for root
ls: cannot access /mnt/safetrax/RaptorV2: No such file or directory
ls: cannot access /mnt/safetrax/RaptorV2: No such file or directory
ls: cannot access /mnt/safetrax/RaptorV2: No such file or directory
ls: cannot access /mnt/safetrax/RaptorV2: No such file or directory
ls: cannot access /mnt/safetrax/RaptorV2: No such file or directory
ls: cannot access /mnt/safetrax/RaptorV2: No such file or directory
ls: cannot access /mnt/safetrax/RaptorV2: No such file or directory
ls: cannot access /mnt/safetrax/RaptorV2: No such file or directory
ls: cannot access /mnt/safetrax/RaptorV2: No such file or directory
ls: cannot access /mnt/safetrax/RaptorV2: No such file or directory
ls: cannot access /mnt/safetrax/RaptorV2: No such file or directory
ls: cannot access /mnt/safetrax/RaptorV2: No such file or directory
ls: cannot access /mnt/safetrax/RaptorV2: No such file or directory
ls: cannot access /mnt/safetrax/RaptorV2: No such file or directory
ls: cannot access /mnt/safetrax/RaptorV2: No such file or directory
Cannot pull with rebase: You have unstaged changes.
Please commit or stash them.
[master 58f0add] Update on 2025-08-01 14:51:06
 1 file changed, 2 insertions(+), 2 deletions(-)
To git@github.com:iincube/all_latest_services_new.git
 ! [rejected]        master -> master (fetch first)
error: failed to push some refs to 'git@github.com:iincube/all_latest_services_new.git'
hint: Updates were rejected because the remote contains work that you do
hint: not have locally. This is usually caused by another repository pushing
hint: to the same ref. You may want to first merge the remote changes (e.g.,
hint: 'git pull') before pushing again.
hint: See the 'Note about fast-forwards' in 'git push --help' for details.
